# JRE version: OpenJDK Runtime Environment (17.0.11) (build 17.0.11+0--11852314)
# Java VM: OpenJDK 64-Bit Server VM (17.0.11+0--11852314, mixed mode, tiered, compressed oops, compressed class ptrs, g1 gc, windows-amd64)
GC Precious Log:
 CPUs: 16 total, 16 available
 Memory: 15741M
 Large Page Support: Disabled
 NUMA Support: Disabled
 Compressed Oops: Enabled (32-bit)
 Heap Region Size: 1M
 Heap Min Capacity: 8M
 Heap Initial Capacity: 246M
 Heap Max Capacity: 2G
 Pre-touch: Disabled
 Parallel Workers: 13
 Concurrent Workers: 3
 Concurrent Refinement Workers: 13
 Periodic GC: Disabled
Heap:
 garbage-first heap   total 321536K, used 218260K [0x0000000080000000, 0x0000000100000000)
  region size 1024K, 8 young (8192K), 8 survivors (8192K)
 Metaspace       used 122626K, committed 123520K, reserved 1179648K
  class space    used 17470K, committed 17920K, reserved 1048576K
GC Heap History (20 events):
Event: 13.385 GC heap after
{Heap after GC invocations=50 (full 0):
 garbage-first heap   total 220160K, used 121377K [0x0000000080000000, 0x0000000100000000)
  region size 1024K, 10 young (10240K), 10 survivors (10240K)
 Metaspace       used 107141K, committed 107904K, reserved 1179648K
  class space    used 14908K, committed 15296K, reserved 1048576K
}
Event: 13.529 GC heap before
{Heap before GC invocations=50 (full 0):
 garbage-first heap   total 220160K, used 177697K [0x0000000080000000, 0x0000000100000000)
  region size 1024K, 66 young (67584K), 10 survivors (10240K)
 Metaspace       used 107931K, committed 108672K, reserved 1179648K
  class space    used 15017K, committed 15360K, reserved 1048576K
}
Event: 13.533 GC heap after
{Heap after GC invocations=51 (full 0):
 garbage-first heap   total 220160K, used 131564K [0x0000000080000000, 0x0000000100000000)
  region size 1024K, 9 young (9216K), 9 survivors (9216K)
 Metaspace       used 107931K, committed 108672K, reserved 1179648K
  class space    used 15017K, committed 15360K, reserved 1048576K
}
Event: 13.957 GC heap before
{Heap before GC invocations=51 (full 0):
 garbage-first heap   total 220160K, used 176620K [0x0000000080000000, 0x0000000100000000)
  region size 1024K, 54 young (55296K), 9 survivors (9216K)
 Metaspace       used 111616K, committed 112384K, reserved 1179648K
  class space    used 15560K, committed 15936K, reserved 1048576K
}
Event: 13.961 GC heap after
{Heap after GC invocations=52 (full 0):
 garbage-first heap   total 220160K, used 138019K [0x0000000080000000, 0x0000000100000000)
  region size 1024K, 6 young (6144K), 6 survivors (6144K)
 Metaspace       used 111616K, committed 112384K, reserved 1179648K
  class space    used 15560K, committed 15936K, reserved 1048576K
}
Event: 14.040 GC heap before
{Heap before GC invocations=52 (full 0):
 garbage-first heap   total 220160K, used 178979K [0x0000000080000000, 0x0000000100000000)
  region size 1024K, 47 young (48128K), 6 survivors (6144K)
 Metaspace       used 111933K, committed 112768K, reserved 1179648K
  class space    used 15594K, committed 16000K, reserved 1048576K
}
Event: 14.046 GC heap after
{Heap after GC invocations=53 (full 0):
 garbage-first heap   total 220160K, used 147710K [0x0000000080000000, 0x0000000100000000)
  region size 1024K, 6 young (6144K), 6 survivors (6144K)
 Metaspace       used 111933K, committed 112768K, reserved 1179648K
  class space    used 15594K, committed 16000K, reserved 1048576K
}
Event: 14.131 GC heap before
{Heap before GC invocations=53 (full 0):
 garbage-first heap   total 220160K, used 179454K [0x0000000080000000, 0x0000000100000000)
  region size 1024K, 38 young (38912K), 6 survivors (6144K)
 Metaspace       used 112858K, committed 113664K, reserved 1179648K
  class space    used 15745K, committed 16128K, reserved 1048576K
}
Event: 14.138 GC heap after
{Heap after GC invocations=54 (full 0):
 garbage-first heap   total 220160K, used 154880K [0x0000000080000000, 0x0000000100000000)
  region size 1024K, 5 young (5120K), 5 survivors (5120K)
 Metaspace       used 112858K, committed 113664K, reserved 1179648K
  class space    used 15745K, committed 16128K, reserved 1048576K
}
Event: 14.383 GC heap before
{Heap before GC invocations=54 (full 0):
 garbage-first heap   total 220160K, used 181504K [0x0000000080000000, 0x0000000100000000)
  region size 1024K, 32 young (32768K), 5 survivors (5120K)
 Metaspace       used 115040K, committed 115840K, reserved 1179648K
  class space    used 16126K, committed 16512K, reserved 1048576K
}
Event: 14.389 GC heap after
{Heap after GC invocations=55 (full 0):
 garbage-first heap   total 318464K, used 159195K [0x0000000080000000, 0x0000000100000000)
  region size 1024K, 4 young (4096K), 4 survivors (4096K)
 Metaspace       used 115040K, committed 115840K, reserved 1179648K
  class space    used 16126K, committed 16512K, reserved 1048576K
}
Event: 14.671 GC heap before
{Heap before GC invocations=56 (full 0):
 garbage-first heap   total 321536K, used 243163K [0x0000000080000000, 0x0000000100000000)
  region size 1024K, 87 young (89088K), 4 survivors (4096K)
 Metaspace       used 115992K, committed 116800K, reserved 1179648K
  class space    used 16261K, committed 16640K, reserved 1048576K
}
Event: 14.682 GC heap after
{Heap after GC invocations=57 (full 0):
 garbage-first heap   total 321536K, used 175525K [0x0000000080000000, 0x0000000100000000)
  region size 1024K, 11 young (11264K), 11 survivors (11264K)
 Metaspace       used 115992K, committed 116800K, reserved 1179648K
  class space    used 16261K, committed 16640K, reserved 1048576K
}
Event: 14.696 GC heap before
{Heap before GC invocations=57 (full 0):
 garbage-first heap   total 321536K, used 179621K [0x0000000080000000, 0x0000000100000000)
  region size 1024K, 15 young (15360K), 11 survivors (11264K)
 Metaspace       used 116091K, committed 116864K, reserved 1179648K
  class space    used 16273K, committed 16640K, reserved 1048576K
}
Event: 14.703 GC heap after
{Heap after GC invocations=58 (full 0):
 garbage-first heap   total 321536K, used 175570K [0x0000000080000000, 0x0000000100000000)
  region size 1024K, 2 young (2048K), 2 survivors (2048K)
 Metaspace       used 116091K, committed 116864K, reserved 1179648K
  class space    used 16273K, committed 16640K, reserved 1048576K
}
Event: 14.922 GC heap before
{Heap before GC invocations=58 (full 0):
 garbage-first heap   total 321536K, used 251346K [0x0000000080000000, 0x0000000100000000)
  region size 1024K, 77 young (78848K), 2 survivors (2048K)
 Metaspace       used 118488K, committed 119296K, reserved 1179648K
  class space    used 16749K, committed 17152K, reserved 1048576K
}
Event: 14.930 GC heap after
{Heap after GC invocations=59 (full 0):
 garbage-first heap   total 321536K, used 190081K [0x0000000080000000, 0x0000000100000000)
  region size 1024K, 10 young (10240K), 10 survivors (10240K)
 Metaspace       used 118488K, committed 119296K, reserved 1179648K
  class space    used 16749K, committed 17152K, reserved 1048576K
}
Event: 15.057 GC heap before
{Heap before GC invocations=59 (full 0):
 garbage-first heap   total 321536K, used 254593K [0x0000000080000000, 0x0000000100000000)
  region size 1024K, 74 young (75776K), 10 survivors (10240K)
 Metaspace       used 119257K, committed 120128K, reserved 1179648K
  class space    used 16871K, committed 17280K, reserved 1048576K
}
Event: 15.068 GC heap after
{Heap after GC invocations=60 (full 0):
 garbage-first heap   total 321536K, used 202849K [0x0000000080000000, 0x0000000100000000)
  region size 1024K, 10 young (10240K), 10 survivors (10240K)
 Metaspace       used 119257K, committed 120128K, reserved 1179648K
  class space    used 16871K, committed 17280K, reserved 1048576K
}
Event: 15.328 GC heap before
{Heap before GC invocations=60 (full 0):
 garbage-first heap   total 321536K, used 277601K [0x0000000080000000, 0x0000000100000000)
  region size 1024K, 66 young (67584K), 10 survivors (10240K)
 Metaspace       used 122626K, committed 123520K, reserved 1179648K
  class space    used 17470K, committed 17920K, reserved 1048576K
}

